\BOOKMARK [0][-]{chapter.1}{\376\377\000I\000N\000T\000R\000O\000D\000U\000C\000C\000I\000\323\000N}{}% 1
\BOOKMARK [1][-]{section.1.1}{\376\377\000P\000l\000a\000n\000t\000e\000a\000m\000i\000e\000n\000t\000o\000\040\000d\000e\000l\000\040\000p\000r\000o\000b\000l\000e\000m\000a}{chapter.1}% 2
\BOOKMARK [1][-]{section.1.2}{\376\377\000J\000u\000s\000t\000i\000f\000i\000c\000a\000c\000i\000\363\000n\000\040\000t\000e\000\363\000r\000i\000c\000a}{chapter.1}% 3
\BOOKMARK [1][-]{section.1.3}{\376\377\000J\000u\000s\000t\000i\000c\000a\000c\000i\000\363\000n\000\040\000m\000e\000t\000o\000d\000o\000l\000\363\000g\000i\000c\000a}{chapter.1}% 4
\BOOKMARK [1][-]{section.1.4}{\376\377\000O\000b\000j\000e\000t\000i\000v\000o\000s}{chapter.1}% 5
\BOOKMARK [2][-]{subsection.1.4.1}{\376\377\000O\000b\000j\000e\000t\000i\000v\000o\000\040\000G\000e\000n\000e\000r\000a\000l}{section.1.4}% 6
\BOOKMARK [2][-]{subsection.1.4.2}{\376\377\000O\000b\000j\000e\000t\000i\000v\000o\000s\000\040\000e\000s\000p\000e\000c\000\355\000f\000i\000c\000o\000s}{section.1.4}% 7
\BOOKMARK [1][-]{section.1.5}{\376\377\000A\000l\000c\000a\000n\000c\000e}{chapter.1}% 8
\BOOKMARK [1][-]{section.1.6}{\376\377\000M\000a\000r\000c\000o\000\040\000T\000e\000\363\000r\000i\000c\000o}{chapter.1}% 9
\BOOKMARK [2][-]{subsection.1.6.1}{\376\377\000S\000c\000o\000p\000u\000s}{section.1.6}% 10
\BOOKMARK [2][-]{subsection.1.6.2}{\376\377\000R\000e\000d\000e\000s\000\040\000d\000e\000\040\000C\000o\000-\000A\000u\000t\000o\000r\000\355\000a}{section.1.6}% 11
\BOOKMARK [2][-]{subsection.1.6.3}{\376\377\000B\000a\000s\000e\000s\000\040\000d\000e\000\040\000D\000a\000t\000o\000s\000\040\000O\000r\000i\000e\000n\000t\000a\000d\000a\000s\000\040\000a\000\040\000G\000r\000a\000f\000o\000s}{section.1.6}% 12
\BOOKMARK [2][-]{subsection.1.6.4}{\376\377\000T\000F\000-\000I\000D\000F}{section.1.6}% 13
\BOOKMARK [2][-]{subsection.1.6.5}{\376\377\000C\000o\000s\000i\000n\000e\000\040\000S\000i\000m\000i\000l\000a\000r\000i\000t\000y}{section.1.6}% 14
\BOOKMARK [2][-]{subsection.1.6.6}{\376\377\000S\000C\000R\000U\000M}{section.1.6}% 15
\BOOKMARK [2][-]{subsection.1.6.7}{\376\377\000A\000r\000q\000u\000i\000t\000e\000c\000t\000u\000r\000a\000\040\000H\000e\000x\000a\000g\000o\000n\000a\000l}{section.1.6}% 16
\BOOKMARK [2][-]{subsection.1.6.8}{\376\377\000H\000e\000r\000r\000a\000m\000i\000e\000n\000t\000a\000s\000\040\000U\000t\000i\000l\000i\000z\000a\000d\000a\000s}{section.1.6}% 17
\BOOKMARK [0][-]{chapter.2}{\376\377\000M\000E\000T\000O\000D\000O\000L\000O\000G\000\315\000A}{}% 18
\BOOKMARK [1][-]{section.2.1}{\376\377\000S\000p\000r\000i\000n\000t\000\040\0000}{chapter.2}% 19
\BOOKMARK [1][-]{section.2.2}{\376\377\000S\000p\000r\000i\000n\000t\000\040\0001}{chapter.2}% 20
\BOOKMARK [2][-]{subsection.2.2.1}{\376\377\000I\000n\000t\000r\000o\000d\000u\000c\000c\000i\000\363\000n}{section.2.2}% 21
\BOOKMARK [2][-]{subsection.2.2.2}{\376\377\000O\000b\000j\000e\000t\000i\000v\000o\000s\000\040\000d\000e\000l\000\040\000S\000p\000r\000i\000n\000t}{section.2.2}% 22
\BOOKMARK [2][-]{subsection.2.2.3}{\376\377\000P\000l\000a\000n\000i\000f\000i\000c\000a\000c\000i\000\363\000n}{section.2.2}% 23
\BOOKMARK [2][-]{subsection.2.2.4}{\376\377\000I\000m\000p\000l\000e\000m\000e\000n\000t\000a\000c\000i\000\363\000n}{section.2.2}% 24
\BOOKMARK [2][-]{subsection.2.2.5}{\376\377\000R\000e\000v\000i\000s\000i\000\363\000n\000\040\000y\000\040\000R\000e\000t\000r\000o\000s\000p\000e\000c\000t\000i\000v\000a}{section.2.2}% 25
\BOOKMARK [1][-]{section.2.3}{\376\377\000S\000p\000r\000i\000n\000t\000\040\0002}{chapter.2}% 26
\BOOKMARK [2][-]{subsection.2.3.1}{\376\377\000I\000n\000t\000r\000o\000d\000u\000c\000c\000i\000\363\000n}{section.2.3}% 27
\BOOKMARK [2][-]{subsection.2.3.2}{\376\377\000O\000b\000j\000e\000t\000i\000v\000o\000s}{section.2.3}% 28
\BOOKMARK [2][-]{subsection.2.3.3}{\376\377\000P\000l\000a\000n\000i\000f\000i\000c\000a\000c\000i\000\363\000n}{section.2.3}% 29
\BOOKMARK [2][-]{subsection.2.3.4}{\376\377\000I\000m\000p\000l\000e\000m\000e\000n\000t\000a\000c\000i\000\363\000n}{section.2.3}% 30
\BOOKMARK [2][-]{subsection.2.3.5}{\376\377\000R\000e\000v\000i\000s\000i\000\363\000n\000\040\000y\000\040\000R\000e\000t\000r\000o\000s\000p\000e\000c\000t\000i\000v\000a}{section.2.3}% 31
\BOOKMARK [1][-]{section.2.4}{\376\377\000S\000p\000r\000i\000n\000t\000\040\0003}{chapter.2}% 32
\BOOKMARK [2][-]{subsection.2.4.1}{\376\377\000I\000n\000t\000r\000o\000d\000u\000c\000c\000i\000\363\000n}{section.2.4}% 33
\BOOKMARK [2][-]{subsection.2.4.2}{\376\377\000O\000b\000j\000e\000t\000i\000v\000o\000s}{section.2.4}% 34
\BOOKMARK [2][-]{subsection.2.4.3}{\376\377\000P\000l\000a\000n\000i\000f\000i\000c\000a\000c\000i\000\363\000n}{section.2.4}% 35
\BOOKMARK [2][-]{subsection.2.4.4}{\376\377\000I\000m\000p\000l\000e\000m\000e\000n\000t\000a\000c\000i\000\363\000n}{section.2.4}% 36
\BOOKMARK [2][-]{subsection.2.4.5}{\376\377\000R\000e\000v\000i\000s\000i\000\363\000n\000\040\000y\000\040\000R\000e\000t\000r\000o\000s\000p\000e\000c\000t\000i\000v\000a}{section.2.4}% 37
\BOOKMARK [1][-]{section.2.5}{\376\377\000S\000p\000r\000i\000n\000t\000\040\0004}{chapter.2}% 38
\BOOKMARK [2][-]{subsection.2.5.1}{\376\377\000I\000n\000t\000r\000o\000d\000u\000c\000c\000i\000\363\000n}{section.2.5}% 39
\BOOKMARK [2][-]{subsection.2.5.2}{\376\377\000O\000b\000j\000e\000t\000i\000v\000o\000s}{section.2.5}% 40
\BOOKMARK [2][-]{subsection.2.5.3}{\376\377\000P\000l\000a\000n\000i\000f\000i\000c\000a\000c\000i\000\363\000n}{section.2.5}% 41
\BOOKMARK [2][-]{subsection.2.5.4}{\376\377\000I\000m\000p\000l\000e\000m\000e\000n\000t\000a\000c\000i\000\363\000n}{section.2.5}% 42
\BOOKMARK [2][-]{subsection.2.5.5}{\376\377\000R\000e\000v\000i\000s\000i\000\363\000n\000\040\000y\000\040\000R\000e\000t\000r\000o\000s\000p\000e\000c\000t\000i\000v\000a}{section.2.5}% 43
\BOOKMARK [0][-]{chapter.3}{\376\377\000R\000E\000S\000U\000L\000T\000A\000D\000O\000S\000,\000\040\000C\000O\000N\000C\000L\000U\000S\000I\000O\000N\000E\000S\000\040\000Y\000\040\000R\000E\000C\000O\000M\000E\000N\000D\000A\000C\000I\000O\000N\000E\000S}{}% 44
\BOOKMARK [1][-]{section.3.1}{\376\377\000R\000e\000s\000u\000l\000t\000a\000d\000o\000s}{chapter.3}% 45
\BOOKMARK [2][-]{subsection.3.1.1}{\376\377\000P\000r\000u\000e\000b\000a\000\040\000c\000o\000n\000\040\000u\000s\000u\000a\000r\000i\000o\000s\000\040\000f\000i\000n\000a\000l\000e\000s}{section.3.1}% 46
\BOOKMARK [1][-]{section.3.2}{\376\377\000C\000o\000n\000c\000l\000u\000s\000i\000o\000n\000e\000s}{chapter.3}% 47
\BOOKMARK [1][-]{section.3.3}{\376\377\000R\000e\000c\000o\000m\000e\000n\000d\000a\000c\000i\000o\000n\000e\000s}{chapter.3}% 48
\BOOKMARK [0][-]{chapter.4}{\376\377\000R\000E\000F\000E\000R\000E\000N\000C\000I\000A\000S\000\040\000B\000I\000B\000L\000I\000O\000G\000R\000\301\000F\000I\000C\000A\000S}{}% 49
\BOOKMARK [0][-]{appendix.Alph1}{\376\377\000A\000p\000e\000n\000d\000i\000c\000e\000\040\000A}{}% 50
\BOOKMARK [0][-]{appendix.Alph2}{\376\377\000A\000p\000e\000n\000d\000i\000c\000e\000\040\000B}{}% 51
